This file contains any messages produced by compilers while
running configure, to aid debugging if configure makes a mistake.

It was created by epdfinfo configure 0.90, which was
generated by GNU Autoconf 2.69.  Invocation command line was

  $ ./configure -q --bindir=/home/timothy/.emacs.d/elpa/pdf-tools-20180109.1234/

## --------- ##
## Platform. ##
## --------- ##

hostname = timothy-HP-Pavilion-dv7-Notebook-PC
uname -m = x86_64
uname -r = 4.14.15-041415-generic
uname -s = Linux
uname -v = #201801231530 SMP Tue Jan 23 20:33:21 UTC 2018

/usr/bin/uname -p = unknown
/bin/uname -X     = unknown

/bin/arch              = unknown
/usr/bin/arch -k       = unknown
/usr/convex/getsysinfo = unknown
/usr/bin/hostinfo      = unknown
/bin/machine           = unknown
/usr/bin/oslevel       = unknown
/bin/universe          = unknown

PATH: /home/timothy/.pyenv/shims
PATH: /home/timothy/.pyenv/bin
PATH: /home/timothy/.pyenv/shims
PATH: /home/timothy/.pyenv/bin
PATH: /home/timothy/bin
PATH: /home/timothy/.local/bin
PATH: /usr/local/sbin
PATH: /usr/local/bin
PATH: /usr/sbin
PATH: /usr/bin
PATH: /sbin
PATH: /bin
PATH: /usr/games
PATH: /usr/local/games
PATH: /snap/bin
PATH: /home/tschwieg/julia/julia-93168a6826/bin
PATH: /opt/mssql-tools/bin


## ----------- ##
## Core tests. ##
## ----------- ##

configure:2539: checking for a BSD-compatible install
configure:2607: result: /usr/bin/install -c
configure:2618: checking whether build environment is sane
configure:2673: result: yes
configure:2824: checking for a thread-safe mkdir -p
configure:2863: result: /bin/mkdir -p
configure:2870: checking for gawk
configure:2886: found /usr/bin/gawk
configure:2897: result: gawk
configure:2908: checking whether make sets $(MAKE)
configure:2930: result: yes
configure:2959: checking whether make supports nested variables
configure:2976: result: yes
configure:3155: checking for gcc
configure:3171: found /usr/bin/gcc
configure:3182: result: gcc
configure:3411: checking for C compiler version
configure:3420: gcc --version >&5
gcc (Ubuntu 5.4.0-6ubuntu1~16.04.9) 5.4.0 20160609
Copyright (C) 2015 Free Software Foundation, Inc.
This is free software; see the source for copying conditions.  There is NO
warranty; not even for MERCHANTABILITY or FITNESS FOR A PARTICULAR PURPOSE.

configure:3431: $? = 0
configure:3420: gcc -v >&5
Using built-in specs.
COLLECT_GCC=gcc
COLLECT_LTO_WRAPPER=/usr/lib/gcc/x86_64-linux-gnu/5/lto-wrapper
Target: x86_64-linux-gnu
Configured with: ../src/configure -v --with-pkgversion='Ubuntu 5.4.0-6ubuntu1~16.04.9' --with-bugurl=file:///usr/share/doc/gcc-5/README.Bugs --enable-languages=c,ada,c++,java,go,d,fortran,objc,obj-c++ --prefix=/usr --program-suffix=-5 --enable-shared --enable-linker-build-id --libexecdir=/usr/lib --without-included-gettext --enable-threads=posix --libdir=/usr/lib --enable-nls --with-sysroot=/ --enable-clocale=gnu --enable-libstdcxx-debug --enable-libstdcxx-time=yes --with-default-libstdcxx-abi=new --enable-gnu-unique-object --disable-vtable-verify --enable-libmpx --enable-plugin --with-system-zlib --disable-browser-plugin --enable-java-awt=gtk --enable-gtk-cairo --with-java-home=/usr/lib/jvm/java-1.5.0-gcj-5-amd64/jre --enable-java-home --with-jvm-root-dir=/usr/lib/jvm/java-1.5.0-gcj-5-amd64 --with-jvm-jar-dir=/usr/lib/jvm-exports/java-1.5.0-gcj-5-amd64 --with-arch-directory=amd64 --with-ecj-jar=/usr/share/java/eclipse-ecj.jar --enable-objc-gc --enable-multiarch --disable-werror --with-arch-32=i686 --with-abi=m64 --with-multilib-list=m32,m64,mx32 --enable-multilib --with-tune=generic --enable-checking=release --build=x86_64-linux-gnu --host=x86_64-linux-gnu --target=x86_64-linux-gnu
Thread model: posix
gcc version 5.4.0 20160609 (Ubuntu 5.4.0-6ubuntu1~16.04.9) 
configure:3431: $? = 0
configure:3420: gcc -V >&5
gcc: error: unrecognized command line option '-V'
gcc: fatal error: no input files
compilation terminated.
configure:3431: $? = 1
configure:3420: gcc -qversion >&5
gcc: error: unrecognized command line option '-qversion'
gcc: fatal error: no input files
compilation terminated.
configure:3431: $? = 1
configure:3451: checking whether the C compiler works
configure:3473: gcc    conftest.c  >&5
configure:3477: $? = 0
configure:3525: result: yes
configure:3528: checking for C compiler default output file name
configure:3530: result: a.out
configure:3536: checking for suffix of executables
configure:3543: gcc -o conftest    conftest.c  >&5
configure:3547: $? = 0
configure:3569: result: 
configure:3591: checking whether we are cross compiling
configure:3599: gcc -o conftest    conftest.c  >&5
configure:3603: $? = 0
configure:3610: ./conftest
configure:3614: $? = 0
configure:3629: result: no
configure:3634: checking for suffix of object files
configure:3656: gcc -c   conftest.c >&5
configure:3660: $? = 0
configure:3681: result: o
configure:3685: checking whether we are using the GNU C compiler
configure:3704: gcc -c   conftest.c >&5
configure:3704: $? = 0
configure:3713: result: yes
configure:3722: checking whether gcc accepts -g
configure:3742: gcc -c -g  conftest.c >&5
configure:3742: $? = 0
configure:3783: result: yes
configure:3800: checking for gcc option to accept ISO C89
configure:3863: gcc  -c -g -O2  conftest.c >&5
configure:3863: $? = 0
configure:3876: result: none needed
configure:3901: checking whether gcc understands -c and -o together
configure:3923: gcc -c conftest.c -o conftest2.o
configure:3926: $? = 0
configure:3923: gcc -c conftest.c -o conftest2.o
configure:3926: $? = 0
configure:3938: result: yes
configure:3966: checking for style of include used by make
configure:3994: result: GNU
configure:4020: checking dependency style of gcc
configure:4131: result: gcc3
configure:4205: checking for g++
configure:4221: found /usr/bin/g++
configure:4232: result: g++
configure:4259: checking for C++ compiler version
configure:4268: g++ --version >&5
g++ (Ubuntu 5.4.0-6ubuntu1~16.04.9) 5.4.0 20160609
Copyright (C) 2015 Free Software Foundation, Inc.
This is free software; see the source for copying conditions.  There is NO
warranty; not even for MERCHANTABILITY or FITNESS FOR A PARTICULAR PURPOSE.

configure:4279: $? = 0
configure:4268: g++ -v >&5
Using built-in specs.
COLLECT_GCC=g++
COLLECT_LTO_WRAPPER=/usr/lib/gcc/x86_64-linux-gnu/5/lto-wrapper
Target: x86_64-linux-gnu
Configured with: ../src/configure -v --with-pkgversion='Ubuntu 5.4.0-6ubuntu1~16.04.9' --with-bugurl=file:///usr/share/doc/gcc-5/README.Bugs --enable-languages=c,ada,c++,java,go,d,fortran,objc,obj-c++ --prefix=/usr --program-suffix=-5 --enable-shared --enable-linker-build-id --libexecdir=/usr/lib --without-included-gettext --enable-threads=posix --libdir=/usr/lib --enable-nls --with-sysroot=/ --enable-clocale=gnu --enable-libstdcxx-debug --enable-libstdcxx-time=yes --with-default-libstdcxx-abi=new --enable-gnu-unique-object --disable-vtable-verify --enable-libmpx --enable-plugin --with-system-zlib --disable-browser-plugin --enable-java-awt=gtk --enable-gtk-cairo --with-java-home=/usr/lib/jvm/java-1.5.0-gcj-5-amd64/jre --enable-java-home --with-jvm-root-dir=/usr/lib/jvm/java-1.5.0-gcj-5-amd64 --with-jvm-jar-dir=/usr/lib/jvm-exports/java-1.5.0-gcj-5-amd64 --with-arch-directory=amd64 --with-ecj-jar=/usr/share/java/eclipse-ecj.jar --enable-objc-gc --enable-multiarch --disable-werror --with-arch-32=i686 --with-abi=m64 --with-multilib-list=m32,m64,mx32 --enable-multilib --with-tune=generic --enable-checking=release --build=x86_64-linux-gnu --host=x86_64-linux-gnu --target=x86_64-linux-gnu
Thread model: posix
gcc version 5.4.0 20160609 (Ubuntu 5.4.0-6ubuntu1~16.04.9) 
configure:4279: $? = 0
configure:4268: g++ -V >&5
g++: error: unrecognized command line option '-V'
g++: fatal error: no input files
compilation terminated.
configure:4279: $? = 1
configure:4268: g++ -qversion >&5
g++: error: unrecognized command line option '-qversion'
g++: fatal error: no input files
compilation terminated.
configure:4279: $? = 1
configure:4283: checking whether we are using the GNU C++ compiler
configure:4302: g++ -c   conftest.cpp >&5
configure:4302: $? = 0
configure:4311: result: yes
configure:4320: checking whether g++ accepts -g
configure:4340: g++ -c -g  conftest.cpp >&5
configure:4340: $? = 0
configure:4381: result: yes
configure:4406: checking dependency style of g++
configure:4517: result: gcc3
configure:4575: checking for ranlib
configure:4591: found /usr/bin/ranlib
configure:4602: result: ranlib
configure:4674: checking for ar
configure:4690: found /usr/bin/ar
configure:4701: result: ar
configure:4727: checking the archiver (ar) interface
configure:4743: gcc -c -g -O2  conftest.c >&5
configure:4743: $? = 0
configure:4745: ar cru libconftest.a conftest.o >&5
ar: `u' modifier ignored since `D' is the default (see `U')
configure:4748: $? = 0
configure:4776: result: ar
configure:4856: checking for pkg-config
configure:4874: found /usr/bin/pkg-config
configure:4886: result: /usr/bin/pkg-config
configure:4911: checking pkg-config is at least version 0.9.0
configure:4914: result: yes
configure:4924: checking for png
configure:4931: $PKG_CONFIG --exists --print-errors "libpng"
configure:4934: $? = 0
configure:4948: $PKG_CONFIG --exists --print-errors "libpng"
configure:4951: $? = 0
configure:5009: result: yes
configure:5015: checking for glib
configure:5022: $PKG_CONFIG --exists --print-errors "glib-2.0"
configure:5025: $? = 0
configure:5039: $PKG_CONFIG --exists --print-errors "glib-2.0"
configure:5042: $? = 0
configure:5100: result: yes
configure:5106: checking for poppler
configure:5113: $PKG_CONFIG --exists --print-errors "poppler"
configure:5116: $? = 0
configure:5130: $PKG_CONFIG --exists --print-errors "poppler"
configure:5133: $? = 0
configure:5191: result: yes
configure:5197: checking for poppler_glib
configure:5204: $PKG_CONFIG --exists --print-errors "poppler-glib >= 0.16.0"
configure:5207: $? = 0
configure:5221: $PKG_CONFIG --exists --print-errors "poppler-glib >= 0.16.0"
configure:5224: $? = 0
configure:5282: result: yes
configure:5287: $PKG_CONFIG --exists --print-errors "poppler-glib >= 0.19.4"
configure:5290: $? = 0
configure:5295: $PKG_CONFIG --exists --print-errors "poppler-glib >= 0.22"
configure:5298: $? = 0
configure:5303: $PKG_CONFIG --exists --print-errors "poppler-glib >= 0.26"
configure:5306: $? = 0
configure:5312: checking for zlib
configure:5319: $PKG_CONFIG --exists --print-errors "zlib"
configure:5322: $? = 0
configure:5336: $PKG_CONFIG --exists --print-errors "zlib"
configure:5339: $? = 0
configure:5397: result: yes
configure:5417: gcc -c -g -O2  conftest.c >&5
conftest.c:16:1: error: expected '=', ',', ';', 'asm' or '__attribute__' before 'int'
 int
 ^
configure:5417: $? = 1
configure: failed program was:
| /* confdefs.h */
| #define PACKAGE_NAME "epdfinfo"
| #define PACKAGE_TARNAME "epdfinfo"
| #define PACKAGE_VERSION "0.90"
| #define PACKAGE_STRING "epdfinfo 0.90"
| #define PACKAGE_BUGREPORT "politza@fh-trier.de"
| #define PACKAGE_URL ""
| #define PACKAGE "epdfinfo"
| #define VERSION "0.90"
| /* end confdefs.h.  */
| 
|      #ifndef _WIN32
|        error
|      #endif
| 
| int
| main ()
| {
| 
|   ;
|   return 0;
| }
configure:5509: checking whether C++ compiler accepts -std=c++11
configure:5528: g++ -c -g -O2  -std=c++11 -I/usr/include/poppler conftest.cpp >&5
configure:5528: $? = 0
configure:5536: result: yes
configure:5554: checking how to run the C++ preprocessor
configure:5581: g++ -E -I/usr/include/poppler conftest.cpp
configure:5581: $? = 0
configure:5595: g++ -E -I/usr/include/poppler conftest.cpp
conftest.cpp:11:28: fatal error: ac_nonexistent.h: No such file or directory
compilation terminated.
configure:5595: $? = 1
configure: failed program was:
| /* confdefs.h */
| #define PACKAGE_NAME "epdfinfo"
| #define PACKAGE_TARNAME "epdfinfo"
| #define PACKAGE_VERSION "0.90"
| #define PACKAGE_STRING "epdfinfo 0.90"
| #define PACKAGE_BUGREPORT "politza@fh-trier.de"
| #define PACKAGE_URL ""
| #define PACKAGE "epdfinfo"
| #define VERSION "0.90"
| /* end confdefs.h.  */
| #include <ac_nonexistent.h>
configure:5620: result: g++ -E
configure:5640: g++ -E -I/usr/include/poppler conftest.cpp
configure:5640: $? = 0
configure:5654: g++ -E -I/usr/include/poppler conftest.cpp
conftest.cpp:11:28: fatal error: ac_nonexistent.h: No such file or directory
compilation terminated.
configure:5654: $? = 1
configure: failed program was:
| /* confdefs.h */
| #define PACKAGE_NAME "epdfinfo"
| #define PACKAGE_TARNAME "epdfinfo"
| #define PACKAGE_VERSION "0.90"
| #define PACKAGE_STRING "epdfinfo 0.90"
| #define PACKAGE_BUGREPORT "politza@fh-trier.de"
| #define PACKAGE_URL ""
| #define PACKAGE "epdfinfo"
| #define VERSION "0.90"
| /* end confdefs.h.  */
| #include <ac_nonexistent.h>
configure:5683: checking for grep that handles long lines and -e
configure:5741: result: /bin/grep
configure:5746: checking for egrep
configure:5808: result: /bin/grep -E
configure:5813: checking for ANSI C header files
configure:5833: g++ -c -std=c++11 -g -O2 -I/usr/include/poppler conftest.cpp >&5
configure:5833: $? = 0
configure:5906: g++ -o conftest -std=c++11 -g -O2 -I/usr/include/poppler  conftest.cpp  >&5
configure:5906: $? = 0
configure:5906: ./conftest
configure:5906: $? = 0
configure:5917: result: yes
configure:5930: checking for sys/types.h
configure:5930: g++ -c -std=c++11 -g -O2 -I/usr/include/poppler conftest.cpp >&5
configure:5930: $? = 0
configure:5930: result: yes
configure:5930: checking for sys/stat.h
configure:5930: g++ -c -std=c++11 -g -O2 -I/usr/include/poppler conftest.cpp >&5
configure:5930: $? = 0
configure:5930: result: yes
configure:5930: checking for stdlib.h
configure:5930: g++ -c -std=c++11 -g -O2 -I/usr/include/poppler conftest.cpp >&5
configure:5930: $? = 0
configure:5930: result: yes
configure:5930: checking for string.h
configure:5930: g++ -c -std=c++11 -g -O2 -I/usr/include/poppler conftest.cpp >&5
configure:5930: $? = 0
configure:5930: result: yes
configure:5930: checking for memory.h
configure:5930: g++ -c -std=c++11 -g -O2 -I/usr/include/poppler conftest.cpp >&5
configure:5930: $? = 0
configure:5930: result: yes
configure:5930: checking for strings.h
configure:5930: g++ -c -std=c++11 -g -O2 -I/usr/include/poppler conftest.cpp >&5
configure:5930: $? = 0
configure:5930: result: yes
configure:5930: checking for inttypes.h
configure:5930: g++ -c -std=c++11 -g -O2 -I/usr/include/poppler conftest.cpp >&5
configure:5930: $? = 0
configure:5930: result: yes
configure:5930: checking for stdint.h
configure:5930: g++ -c -std=c++11 -g -O2 -I/usr/include/poppler conftest.cpp >&5
configure:5930: $? = 0
configure:5930: result: yes
configure:5930: checking for unistd.h
configure:5930: g++ -c -std=c++11 -g -O2 -I/usr/include/poppler conftest.cpp >&5
configure:5930: $? = 0
configure:5930: result: yes
configure:5945: checking Annot.h usability
configure:5945: g++ -c -std=c++11 -g -O2 -I/usr/include/poppler conftest.cpp >&5
configure:5945: $? = 0
configure:5945: result: yes
configure:5945: checking Annot.h presence
configure:5945: g++ -E -I/usr/include/poppler conftest.cpp
configure:5945: $? = 0
configure:5945: result: yes
configure:5945: checking for Annot.h
configure:5945: result: yes
configure:5945: checking PDFDocEncoding.h usability
configure:5945: g++ -c -std=c++11 -g -O2 -I/usr/include/poppler conftest.cpp >&5
configure:5945: $? = 0
configure:5945: result: yes
configure:5945: checking PDFDocEncoding.h presence
configure:5945: g++ -E -I/usr/include/poppler conftest.cpp
configure:5945: $? = 0
configure:5945: result: yes
configure:5945: checking for PDFDocEncoding.h
configure:5945: result: yes
configure:5988: checking build system type
configure:6002: result: x86_64-pc-linux-gnu
configure:6022: checking host system type
configure:6035: result: x86_64-pc-linux-gnu
configure:6061: checking how to run the C preprocessor
configure:6092: gcc -E  conftest.c
configure:6092: $? = 0
configure:6106: gcc -E  conftest.c
conftest.c:26:28: fatal error: ac_nonexistent.h: No such file or directory
compilation terminated.
configure:6106: $? = 1
configure: failed program was:
| /* confdefs.h */
| #define PACKAGE_NAME "epdfinfo"
| #define PACKAGE_TARNAME "epdfinfo"
| #define PACKAGE_VERSION "0.90"
| #define PACKAGE_STRING "epdfinfo 0.90"
| #define PACKAGE_BUGREPORT "politza@fh-trier.de"
| #define PACKAGE_URL ""
| #define PACKAGE "epdfinfo"
| #define VERSION "0.90"
| #define STDC_HEADERS 1
| #define HAVE_SYS_TYPES_H 1
| #define HAVE_SYS_STAT_H 1
| #define HAVE_STDLIB_H 1
| #define HAVE_STRING_H 1
| #define HAVE_MEMORY_H 1
| #define HAVE_STRINGS_H 1
| #define HAVE_INTTYPES_H 1
| #define HAVE_STDINT_H 1
| #define HAVE_UNISTD_H 1
| #define HAVE_ANNOT_H 1
| #define HAVE_PDFDOCENCODING_H 1
| #define HAVE_POPPLER_FIND_OPTS 1
| #define HAVE_POPPLER_ANNOT_WRITE 1
| #define HAVE_POPPLER_ANNOT_MARKUP 1
| /* end confdefs.h.  */
| #include <ac_nonexistent.h>
configure:6131: result: gcc -E
configure:6151: gcc -E  conftest.c
configure:6151: $? = 0
configure:6165: gcc -E  conftest.c
conftest.c:26:28: fatal error: ac_nonexistent.h: No such file or directory
compilation terminated.
configure:6165: $? = 1
configure: failed program was:
| /* confdefs.h */
| #define PACKAGE_NAME "epdfinfo"
| #define PACKAGE_TARNAME "epdfinfo"
| #define PACKAGE_VERSION "0.90"
| #define PACKAGE_STRING "epdfinfo 0.90"
| #define PACKAGE_BUGREPORT "politza@fh-trier.de"
| #define PACKAGE_URL ""
| #define PACKAGE "epdfinfo"
| #define VERSION "0.90"
| #define STDC_HEADERS 1
| #define HAVE_SYS_TYPES_H 1
| #define HAVE_SYS_STAT_H 1
| #define HAVE_STDLIB_H 1
| #define HAVE_STRING_H 1
| #define HAVE_MEMORY_H 1
| #define HAVE_STRINGS_H 1
| #define HAVE_INTTYPES_H 1
| #define HAVE_STDINT_H 1
| #define HAVE_UNISTD_H 1
| #define HAVE_ANNOT_H 1
| #define HAVE_PDFDOCENCODING_H 1
| #define HAVE_POPPLER_FIND_OPTS 1
| #define HAVE_POPPLER_ANNOT_WRITE 1
| #define HAVE_POPPLER_ANNOT_MARKUP 1
| /* end confdefs.h.  */
| #include <ac_nonexistent.h>
configure:6197: checking for stdlib.h
configure:6197: result: yes
configure:6197: checking for string.h
configure:6197: result: yes
configure:6197: checking for strings.h
configure:6197: result: yes
configure:6197: checking err.h usability
configure:6197: gcc -c -g -O2  conftest.c >&5
configure:6197: $? = 0
configure:6197: result: yes
configure:6197: checking err.h presence
configure:6197: gcc -E  conftest.c
configure:6197: $? = 0
configure:6197: result: yes
configure:6197: checking for err.h
configure:6197: result: yes
configure:6208: checking for error.h
configure:6231: gcc -c -I/usr/include/poppler -pthread -I/usr/include/poppler/glib -I/usr/include/poppler -I/usr/include/cairo -I/usr/include/glib-2.0 -I/usr/lib/x86_64-linux-gnu/glib-2.0/include -I/usr/include/pixman-1 -I/usr/include/freetype2 -I/usr/include/libpng12  conftest.c >&5
conftest.c: In function 'main':
conftest.c:36:14: warning: zero-length gnu_printf format string [-Wformat-zero-length]
 error (0, 0, "");
              ^
configure:6231: $? = 0
configure:6235: result: yes
configure:6251: checking for size_t
configure:6251: gcc -c -g -O2  conftest.c >&5
configure:6251: $? = 0
configure:6251: gcc -c -g -O2  conftest.c >&5
conftest.c: In function 'main':
conftest.c:67:21: error: expected expression before ')' token
 if (sizeof ((size_t)))
                     ^
configure:6251: $? = 1
configure: failed program was:
| /* confdefs.h */
| #define PACKAGE_NAME "epdfinfo"
| #define PACKAGE_TARNAME "epdfinfo"
| #define PACKAGE_VERSION "0.90"
| #define PACKAGE_STRING "epdfinfo 0.90"
| #define PACKAGE_BUGREPORT "politza@fh-trier.de"
| #define PACKAGE_URL ""
| #define PACKAGE "epdfinfo"
| #define VERSION "0.90"
| #define STDC_HEADERS 1
| #define HAVE_SYS_TYPES_H 1
| #define HAVE_SYS_STAT_H 1
| #define HAVE_STDLIB_H 1
| #define HAVE_STRING_H 1
| #define HAVE_MEMORY_H 1
| #define HAVE_STRINGS_H 1
| #define HAVE_INTTYPES_H 1
| #define HAVE_STDINT_H 1
| #define HAVE_UNISTD_H 1
| #define HAVE_ANNOT_H 1
| #define HAVE_PDFDOCENCODING_H 1
| #define HAVE_POPPLER_FIND_OPTS 1
| #define HAVE_POPPLER_ANNOT_WRITE 1
| #define HAVE_POPPLER_ANNOT_MARKUP 1
| #define HAVE_STDLIB_H 1
| #define HAVE_STRING_H 1
| #define HAVE_STRINGS_H 1
| #define HAVE_ERR_H 1
| #define HAVE_ERROR_H 1
| /* end confdefs.h.  */
| #include <stdio.h>
| #ifdef HAVE_SYS_TYPES_H
| # include <sys/types.h>
| #endif
| #ifdef HAVE_SYS_STAT_H
| # include <sys/stat.h>
| #endif
| #ifdef STDC_HEADERS
| # include <stdlib.h>
| # include <stddef.h>
| #else
| # ifdef HAVE_STDLIB_H
| #  include <stdlib.h>
| # endif
| #endif
| #ifdef HAVE_STRING_H
| # if !defined STDC_HEADERS && defined HAVE_MEMORY_H
| #  include <memory.h>
| # endif
| # include <string.h>
| #endif
| #ifdef HAVE_STRINGS_H
| # include <strings.h>
| #endif
| #ifdef HAVE_INTTYPES_H
| # include <inttypes.h>
| #endif
| #ifdef HAVE_STDINT_H
| # include <stdint.h>
| #endif
| #ifdef HAVE_UNISTD_H
| # include <unistd.h>
| #endif
| int
| main ()
| {
| if (sizeof ((size_t)))
| 	    return 0;
|   ;
|   return 0;
| }
configure:6251: result: yes
configure:6262: checking for ssize_t
configure:6262: gcc -c -g -O2  conftest.c >&5
configure:6262: $? = 0
configure:6262: gcc -c -g -O2  conftest.c >&5
conftest.c: In function 'main':
conftest.c:67:22: error: expected expression before ')' token
 if (sizeof ((ssize_t)))
                      ^
configure:6262: $? = 1
configure: failed program was:
| /* confdefs.h */
| #define PACKAGE_NAME "epdfinfo"
| #define PACKAGE_TARNAME "epdfinfo"
| #define PACKAGE_VERSION "0.90"
| #define PACKAGE_STRING "epdfinfo 0.90"
| #define PACKAGE_BUGREPORT "politza@fh-trier.de"
| #define PACKAGE_URL ""
| #define PACKAGE "epdfinfo"
| #define VERSION "0.90"
| #define STDC_HEADERS 1
| #define HAVE_SYS_TYPES_H 1
| #define HAVE_SYS_STAT_H 1
| #define HAVE_STDLIB_H 1
| #define HAVE_STRING_H 1
| #define HAVE_MEMORY_H 1
| #define HAVE_STRINGS_H 1
| #define HAVE_INTTYPES_H 1
| #define HAVE_STDINT_H 1
| #define HAVE_UNISTD_H 1
| #define HAVE_ANNOT_H 1
| #define HAVE_PDFDOCENCODING_H 1
| #define HAVE_POPPLER_FIND_OPTS 1
| #define HAVE_POPPLER_ANNOT_WRITE 1
| #define HAVE_POPPLER_ANNOT_MARKUP 1
| #define HAVE_STDLIB_H 1
| #define HAVE_STRING_H 1
| #define HAVE_STRINGS_H 1
| #define HAVE_ERR_H 1
| #define HAVE_ERROR_H 1
| /* end confdefs.h.  */
| #include <stdio.h>
| #ifdef HAVE_SYS_TYPES_H
| # include <sys/types.h>
| #endif
| #ifdef HAVE_SYS_STAT_H
| # include <sys/stat.h>
| #endif
| #ifdef STDC_HEADERS
| # include <stdlib.h>
| # include <stddef.h>
| #else
| # ifdef HAVE_STDLIB_H
| #  include <stdlib.h>
| # endif
| #endif
| #ifdef HAVE_STRING_H
| # if !defined STDC_HEADERS && defined HAVE_MEMORY_H
| #  include <memory.h>
| # endif
| # include <string.h>
| #endif
| #ifdef HAVE_STRINGS_H
| # include <strings.h>
| #endif
| #ifdef HAVE_INTTYPES_H
| # include <inttypes.h>
| #endif
| #ifdef HAVE_STDINT_H
| # include <stdint.h>
| #endif
| #ifdef HAVE_UNISTD_H
| # include <unistd.h>
| #endif
| int
| main ()
| {
| if (sizeof ((ssize_t)))
| 	    return 0;
|   ;
|   return 0;
| }
configure:6262: result: yes
configure:6273: checking for ptrdiff_t
configure:6273: gcc -c -g -O2  conftest.c >&5
configure:6273: $? = 0
configure:6273: gcc -c -g -O2  conftest.c >&5
conftest.c: In function 'main':
conftest.c:67:24: error: expected expression before ')' token
 if (sizeof ((ptrdiff_t)))
                        ^
configure:6273: $? = 1
configure: failed program was:
| /* confdefs.h */
| #define PACKAGE_NAME "epdfinfo"
| #define PACKAGE_TARNAME "epdfinfo"
| #define PACKAGE_VERSION "0.90"
| #define PACKAGE_STRING "epdfinfo 0.90"
| #define PACKAGE_BUGREPORT "politza@fh-trier.de"
| #define PACKAGE_URL ""
| #define PACKAGE "epdfinfo"
| #define VERSION "0.90"
| #define STDC_HEADERS 1
| #define HAVE_SYS_TYPES_H 1
| #define HAVE_SYS_STAT_H 1
| #define HAVE_STDLIB_H 1
| #define HAVE_STRING_H 1
| #define HAVE_MEMORY_H 1
| #define HAVE_STRINGS_H 1
| #define HAVE_INTTYPES_H 1
| #define HAVE_STDINT_H 1
| #define HAVE_UNISTD_H 1
| #define HAVE_ANNOT_H 1
| #define HAVE_PDFDOCENCODING_H 1
| #define HAVE_POPPLER_FIND_OPTS 1
| #define HAVE_POPPLER_ANNOT_WRITE 1
| #define HAVE_POPPLER_ANNOT_MARKUP 1
| #define HAVE_STDLIB_H 1
| #define HAVE_STRING_H 1
| #define HAVE_STRINGS_H 1
| #define HAVE_ERR_H 1
| #define HAVE_ERROR_H 1
| /* end confdefs.h.  */
| #include <stdio.h>
| #ifdef HAVE_SYS_TYPES_H
| # include <sys/types.h>
| #endif
| #ifdef HAVE_SYS_STAT_H
| # include <sys/stat.h>
| #endif
| #ifdef STDC_HEADERS
| # include <stdlib.h>
| # include <stddef.h>
| #else
| # ifdef HAVE_STDLIB_H
| #  include <stdlib.h>
| # endif
| #endif
| #ifdef HAVE_STRING_H
| # if !defined STDC_HEADERS && defined HAVE_MEMORY_H
| #  include <memory.h>
| # endif
| # include <string.h>
| #endif
| #ifdef HAVE_STRINGS_H
| # include <strings.h>
| #endif
| #ifdef HAVE_INTTYPES_H
| # include <inttypes.h>
| #endif
| #ifdef HAVE_STDINT_H
| # include <stdint.h>
| #endif
| #ifdef HAVE_UNISTD_H
| # include <unistd.h>
| #endif
| int
| main ()
| {
| if (sizeof ((ptrdiff_t)))
| 	    return 0;
|   ;
|   return 0;
| }
configure:6273: result: yes
configure:6283: checking whether byte ordering is bigendian
configure:6298: gcc -c -g -O2  conftest.c >&5
conftest.c:33:9: error: unknown type name 'not'
         not a universal capable compiler
         ^
conftest.c:33:15: error: expected '=', ',', ';', 'asm' or '__attribute__' before 'universal'
         not a universal capable compiler
               ^
conftest.c:33:15: error: unknown type name 'universal'
configure:6298: $? = 1
configure: failed program was:
| /* confdefs.h */
| #define PACKAGE_NAME "epdfinfo"
| #define PACKAGE_TARNAME "epdfinfo"
| #define PACKAGE_VERSION "0.90"
| #define PACKAGE_STRING "epdfinfo 0.90"
| #define PACKAGE_BUGREPORT "politza@fh-trier.de"
| #define PACKAGE_URL ""
| #define PACKAGE "epdfinfo"
| #define VERSION "0.90"
| #define STDC_HEADERS 1
| #define HAVE_SYS_TYPES_H 1
| #define HAVE_SYS_STAT_H 1
| #define HAVE_STDLIB_H 1
| #define HAVE_STRING_H 1
| #define HAVE_MEMORY_H 1
| #define HAVE_STRINGS_H 1
| #define HAVE_INTTYPES_H 1
| #define HAVE_STDINT_H 1
| #define HAVE_UNISTD_H 1
| #define HAVE_ANNOT_H 1
| #define HAVE_PDFDOCENCODING_H 1
| #define HAVE_POPPLER_FIND_OPTS 1
| #define HAVE_POPPLER_ANNOT_WRITE 1
| #define HAVE_POPPLER_ANNOT_MARKUP 1
| #define HAVE_STDLIB_H 1
| #define HAVE_STRING_H 1
| #define HAVE_STRINGS_H 1
| #define HAVE_ERR_H 1
| #define HAVE_ERROR_H 1
| #define HAVE_PTRDIFF_T 1
| /* end confdefs.h.  */
| #ifndef __APPLE_CC__
| 	       not a universal capable compiler
| 	     #endif
| 	     typedef int dummy;
| 
configure:6343: gcc -c -g -O2  conftest.c >&5
configure:6343: $? = 0
configure:6361: gcc -c -g -O2  conftest.c >&5
conftest.c: In function 'main':
conftest.c:39:4: error: unknown type name 'not'
    not big endian
    ^
conftest.c:39:12: error: expected '=', ',', ';', 'asm' or '__attribute__' before 'endian'
    not big endian
            ^
configure:6361: $? = 1
configure: failed program was:
| /* confdefs.h */
| #define PACKAGE_NAME "epdfinfo"
| #define PACKAGE_TARNAME "epdfinfo"
| #define PACKAGE_VERSION "0.90"
| #define PACKAGE_STRING "epdfinfo 0.90"
| #define PACKAGE_BUGREPORT "politza@fh-trier.de"
| #define PACKAGE_URL ""
| #define PACKAGE "epdfinfo"
| #define VERSION "0.90"
| #define STDC_HEADERS 1
| #define HAVE_SYS_TYPES_H 1
| #define HAVE_SYS_STAT_H 1
| #define HAVE_STDLIB_H 1
| #define HAVE_STRING_H 1
| #define HAVE_MEMORY_H 1
| #define HAVE_STRINGS_H 1
| #define HAVE_INTTYPES_H 1
| #define HAVE_STDINT_H 1
| #define HAVE_UNISTD_H 1
| #define HAVE_ANNOT_H 1
| #define HAVE_PDFDOCENCODING_H 1
| #define HAVE_POPPLER_FIND_OPTS 1
| #define HAVE_POPPLER_ANNOT_WRITE 1
| #define HAVE_POPPLER_ANNOT_MARKUP 1
| #define HAVE_STDLIB_H 1
| #define HAVE_STRING_H 1
| #define HAVE_STRINGS_H 1
| #define HAVE_ERR_H 1
| #define HAVE_ERROR_H 1
| #define HAVE_PTRDIFF_T 1
| /* end confdefs.h.  */
| #include <sys/types.h>
| 		#include <sys/param.h>
| 
| int
| main ()
| {
| #if BYTE_ORDER != BIG_ENDIAN
| 		 not big endian
| 		#endif
| 
|   ;
|   return 0;
| }
configure:6489: result: no
configure:6509: checking for error_at_line
configure:6525: gcc -o conftest -g -O2   conftest.c  >&5
configure:6525: $? = 0
configure:6533: result: yes
configure:6544: checking for working strtod
configure:6585: gcc -o conftest -g -O2   conftest.c  >&5
configure:6585: $? = 0
configure:6585: ./conftest
configure:6585: $? = 0
configure:6595: result: yes
configure:6660: checking for strcspn
configure:6660: gcc -o conftest -g -O2   conftest.c  >&5
conftest.c:55:6: warning: conflicting types for built-in function 'strcspn'
 char strcspn ();
      ^
configure:6660: $? = 0
configure:6660: result: yes
configure:6660: checking for strtol
configure:6660: gcc -o conftest -g -O2   conftest.c  >&5
configure:6660: $? = 0
configure:6660: result: yes
configure:6660: checking for getline
configure:6660: gcc -o conftest -g -O2   conftest.c  >&5
configure:6660: $? = 0
configure:6660: result: yes
configure:6781: checking that generated files are newer than configure
configure:6787: result: done
configure:6819: creating ./config.status

## ---------------------- ##
## Running config.status. ##
## ---------------------- ##

This file was extended by epdfinfo config.status 0.90, which was
generated by GNU Autoconf 2.69.  Invocation command line was

  CONFIG_FILES    = 
  CONFIG_HEADERS  = 
  CONFIG_LINKS    = 
  CONFIG_COMMANDS = 
  $ ./config.status --quiet

on timothy-HP-Pavilion-dv7-Notebook-PC

config.status:902: creating Makefile
config.status:902: creating config.h
config.status:1131: executing depfiles commands

## ---------------- ##
## Cache variables. ##
## ---------------- ##

ac_cv_build=x86_64-pc-linux-gnu
ac_cv_c_bigendian=no
ac_cv_c_compiler_gnu=yes
ac_cv_cxx_compiler_gnu=yes
ac_cv_env_CCC_set=
ac_cv_env_CCC_value=
ac_cv_env_CC_set=
ac_cv_env_CC_value=
ac_cv_env_CFLAGS_set=
ac_cv_env_CFLAGS_value=
ac_cv_env_CPPFLAGS_set=
ac_cv_env_CPPFLAGS_value=
ac_cv_env_CPP_set=
ac_cv_env_CPP_value=
ac_cv_env_CXXCPP_set=
ac_cv_env_CXXCPP_value=
ac_cv_env_CXXFLAGS_set=
ac_cv_env_CXXFLAGS_value=
ac_cv_env_CXX_set=
ac_cv_env_CXX_value=
ac_cv_env_LDFLAGS_set=
ac_cv_env_LDFLAGS_value=
ac_cv_env_LIBS_set=
ac_cv_env_LIBS_value=
ac_cv_env_PKG_CONFIG_LIBDIR_set=
ac_cv_env_PKG_CONFIG_LIBDIR_value=
ac_cv_env_PKG_CONFIG_PATH_set=
ac_cv_env_PKG_CONFIG_PATH_value=
ac_cv_env_PKG_CONFIG_set=
ac_cv_env_PKG_CONFIG_value=
ac_cv_env_build_alias_set=
ac_cv_env_build_alias_value=
ac_cv_env_glib_CFLAGS_set=
ac_cv_env_glib_CFLAGS_value=
ac_cv_env_glib_LIBS_set=
ac_cv_env_glib_LIBS_value=
ac_cv_env_host_alias_set=
ac_cv_env_host_alias_value=
ac_cv_env_png_CFLAGS_set=
ac_cv_env_png_CFLAGS_value=
ac_cv_env_png_LIBS_set=
ac_cv_env_png_LIBS_value=
ac_cv_env_poppler_CFLAGS_set=
ac_cv_env_poppler_CFLAGS_value=
ac_cv_env_poppler_LIBS_set=
ac_cv_env_poppler_LIBS_value=
ac_cv_env_poppler_glib_CFLAGS_set=
ac_cv_env_poppler_glib_CFLAGS_value=
ac_cv_env_poppler_glib_LIBS_set=
ac_cv_env_poppler_glib_LIBS_value=
ac_cv_env_target_alias_set=
ac_cv_env_target_alias_value=
ac_cv_env_zlib_CFLAGS_set=
ac_cv_env_zlib_CFLAGS_value=
ac_cv_env_zlib_LIBS_set=
ac_cv_env_zlib_LIBS_value=
ac_cv_func_getline=yes
ac_cv_func_strcspn=yes
ac_cv_func_strtod=yes
ac_cv_func_strtol=yes
ac_cv_header_Annot_h=yes
ac_cv_header_PDFDocEncoding_h=yes
ac_cv_header_err_h=yes
ac_cv_header_inttypes_h=yes
ac_cv_header_memory_h=yes
ac_cv_header_stdc=yes
ac_cv_header_stdint_h=yes
ac_cv_header_stdlib_h=yes
ac_cv_header_string_h=yes
ac_cv_header_strings_h=yes
ac_cv_header_sys_stat_h=yes
ac_cv_header_sys_types_h=yes
ac_cv_header_unistd_h=yes
ac_cv_host=x86_64-pc-linux-gnu
ac_cv_lib_error_at_line=yes
ac_cv_objext=o
ac_cv_path_EGREP='/bin/grep -E'
ac_cv_path_GREP=/bin/grep
ac_cv_path_ac_pt_PKG_CONFIG=/usr/bin/pkg-config
ac_cv_path_install='/usr/bin/install -c'
ac_cv_path_mkdir=/bin/mkdir
ac_cv_prog_AWK=gawk
ac_cv_prog_CPP='gcc -E'
ac_cv_prog_CXXCPP='g++ -E'
ac_cv_prog_ac_ct_AR=ar
ac_cv_prog_ac_ct_CC=gcc
ac_cv_prog_ac_ct_CXX=g++
ac_cv_prog_ac_ct_RANLIB=ranlib
ac_cv_prog_cc_c89=
ac_cv_prog_cc_g=yes
ac_cv_prog_cxx_g=yes
ac_cv_prog_make_make_set=yes
ac_cv_type_ptrdiff_t=yes
ac_cv_type_size_t=yes
ac_cv_type_ssize_t=yes
am_cv_CC_dependencies_compiler_type=gcc3
am_cv_CXX_dependencies_compiler_type=gcc3
am_cv_ar_interface=ar
am_cv_make_support_nested_variables=yes
am_cv_prog_cc_c_o=yes
ax_cv_check_cxxflags___std_cpp11=yes
pkg_cv_glib_CFLAGS='-I/usr/include/glib-2.0 -I/usr/lib/x86_64-linux-gnu/glib-2.0/include'
pkg_cv_glib_LIBS=-lglib-2.0
pkg_cv_png_CFLAGS=-I/usr/include/libpng12
pkg_cv_png_LIBS=-lpng12
pkg_cv_poppler_CFLAGS=-I/usr/include/poppler
pkg_cv_poppler_LIBS=-lpoppler
pkg_cv_poppler_glib_CFLAGS='-pthread -I/usr/include/poppler/glib -I/usr/include/poppler -I/usr/include/cairo -I/usr/include/glib-2.0 -I/usr/lib/x86_64-linux-gnu/glib-2.0/include -I/usr/include/pixman-1 -I/usr/include/freetype2 -I/usr/include/libpng12'
pkg_cv_poppler_glib_LIBS='-lpoppler-glib -lgio-2.0 -lgobject-2.0 -lglib-2.0 -lcairo'
pkg_cv_zlib_CFLAGS=
pkg_cv_zlib_LIBS=-lz

## ----------------- ##
## Output variables. ##
## ----------------- ##

ACLOCAL='${SHELL} /home/timothy/.emacs.d/elpa/pdf-tools-20180109.1234/build/server/missing aclocal-1.15'
AMDEPBACKSLASH='\'
AMDEP_FALSE='#'
AMDEP_TRUE=''
AMTAR='$${TAR-tar}'
AM_BACKSLASH='\'
AM_DEFAULT_V='$(AM_DEFAULT_VERBOSITY)'
AM_DEFAULT_VERBOSITY='1'
AM_V='$(V)'
AR='ar'
AUTOCONF='${SHELL} /home/timothy/.emacs.d/elpa/pdf-tools-20180109.1234/build/server/missing autoconf'
AUTOHEADER='${SHELL} /home/timothy/.emacs.d/elpa/pdf-tools-20180109.1234/build/server/missing autoheader'
AUTOMAKE='${SHELL} /home/timothy/.emacs.d/elpa/pdf-tools-20180109.1234/build/server/missing automake-1.15'
AWK='gawk'
CC='gcc'
CCDEPMODE='depmode=gcc3'
CFLAGS='-g -O2'
CPP='gcc -E'
CPPFLAGS=''
CXX='g++'
CXXCPP='g++ -E'
CXXDEPMODE='depmode=gcc3'
CXXFLAGS='-std=c++11 -g -O2'
CYGPATH_W='echo'
DEFS='-DHAVE_CONFIG_H'
DEPDIR='.deps'
ECHO_C=''
ECHO_N='-n'
ECHO_T=''
EGREP='/bin/grep -E'
EXEEXT=''
GREP='/bin/grep'
HAVE_W32_FALSE=''
HAVE_W32_TRUE='#'
INSTALL_DATA='${INSTALL} -m 644'
INSTALL_PROGRAM='${INSTALL}'
INSTALL_SCRIPT='${INSTALL}'
INSTALL_STRIP_PROGRAM='$(install_sh) -c -s'
LDFLAGS=''
LIBOBJS=''
LIBS=''
LTLIBOBJS=''
MAKEINFO='${SHELL} /home/timothy/.emacs.d/elpa/pdf-tools-20180109.1234/build/server/missing makeinfo'
MKDIR_P='/bin/mkdir -p'
OBJEXT='o'
PACKAGE='epdfinfo'
PACKAGE_BUGREPORT='politza@fh-trier.de'
PACKAGE_NAME='epdfinfo'
PACKAGE_STRING='epdfinfo 0.90'
PACKAGE_TARNAME='epdfinfo'
PACKAGE_URL=''
PACKAGE_VERSION='0.90'
PATH_SEPARATOR=':'
PKG_CONFIG='/usr/bin/pkg-config'
PKG_CONFIG_LIBDIR=''
PKG_CONFIG_PATH=''
POW_LIB=''
RANLIB='ranlib'
SET_MAKE=''
SHELL='/bin/bash'
STRIP=''
VERSION='0.90'
ac_ct_AR='ar'
ac_ct_CC='gcc'
ac_ct_CXX='g++'
am__EXEEXT_FALSE=''
am__EXEEXT_TRUE='#'
am__fastdepCC_FALSE='#'
am__fastdepCC_TRUE=''
am__fastdepCXX_FALSE='#'
am__fastdepCXX_TRUE=''
am__include='include'
am__isrc=''
am__leading_dot='.'
am__nodep='_no'
am__quote=''
am__tar='$${TAR-tar} chof - "$$tardir"'
am__untar='$${TAR-tar} xf -'
bindir='/home/timothy/.emacs.d/elpa/pdf-tools-20180109.1234'
build='x86_64-pc-linux-gnu'
build_alias=''
build_cpu='x86_64'
build_os='linux-gnu'
build_vendor='pc'
datadir='${datarootdir}'
datarootdir='${prefix}/share'
docdir='${datarootdir}/doc/${PACKAGE_TARNAME}'
dvidir='${docdir}'
exec_prefix='${prefix}'
glib_CFLAGS='-I/usr/include/glib-2.0 -I/usr/lib/x86_64-linux-gnu/glib-2.0/include'
glib_LIBS='-lglib-2.0'
host='x86_64-pc-linux-gnu'
host_alias=''
host_cpu='x86_64'
host_os='linux-gnu'
host_vendor='pc'
htmldir='${docdir}'
includedir='${prefix}/include'
infodir='${datarootdir}/info'
install_sh='${SHELL} /home/timothy/.emacs.d/elpa/pdf-tools-20180109.1234/build/server/install-sh'
libdir='${exec_prefix}/lib'
libexecdir='${exec_prefix}/libexec'
localedir='${datarootdir}/locale'
localstatedir='${prefix}/var'
mandir='${datarootdir}/man'
mkdir_p='$(MKDIR_P)'
oldincludedir='/usr/include'
pdfdir='${docdir}'
png_CFLAGS='-I/usr/include/libpng12'
png_LIBS='-lpng12'
poppler_CFLAGS='-I/usr/include/poppler'
poppler_LIBS='-lpoppler'
poppler_glib_CFLAGS='-pthread -I/usr/include/poppler/glib -I/usr/include/poppler -I/usr/include/cairo -I/usr/include/glib-2.0 -I/usr/lib/x86_64-linux-gnu/glib-2.0/include -I/usr/include/pixman-1 -I/usr/include/freetype2 -I/usr/include/libpng12'
poppler_glib_LIBS='-lpoppler-glib -lgio-2.0 -lgobject-2.0 -lglib-2.0 -lcairo'
prefix='/usr/local'
program_transform_name='s,x,x,'
psdir='${docdir}'
runstatedir='${localstatedir}/run'
sbindir='${exec_prefix}/sbin'
sharedstatedir='${prefix}/com'
sysconfdir='${prefix}/etc'
target_alias=''
zlib_CFLAGS=''
zlib_LIBS='-lz'

## ----------- ##
## confdefs.h. ##
## ----------- ##

/* confdefs.h */
#define PACKAGE_NAME "epdfinfo"
#define PACKAGE_TARNAME "epdfinfo"
#define PACKAGE_VERSION "0.90"
#define PACKAGE_STRING "epdfinfo 0.90"
#define PACKAGE_BUGREPORT "politza@fh-trier.de"
#define PACKAGE_URL ""
#define PACKAGE "epdfinfo"
#define VERSION "0.90"
#define STDC_HEADERS 1
#define HAVE_SYS_TYPES_H 1
#define HAVE_SYS_STAT_H 1
#define HAVE_STDLIB_H 1
#define HAVE_STRING_H 1
#define HAVE_MEMORY_H 1
#define HAVE_STRINGS_H 1
#define HAVE_INTTYPES_H 1
#define HAVE_STDINT_H 1
#define HAVE_UNISTD_H 1
#define HAVE_ANNOT_H 1
#define HAVE_PDFDOCENCODING_H 1
#define HAVE_POPPLER_FIND_OPTS 1
#define HAVE_POPPLER_ANNOT_WRITE 1
#define HAVE_POPPLER_ANNOT_MARKUP 1
#define HAVE_STDLIB_H 1
#define HAVE_STRING_H 1
#define HAVE_STRINGS_H 1
#define HAVE_ERR_H 1
#define HAVE_ERROR_H 1
#define HAVE_PTRDIFF_T 1
#define HAVE_STRCSPN 1
#define HAVE_STRTOL 1
#define HAVE_GETLINE 1

configure: exit 0
